# JRE version: OpenJDK Runtime Environment (8.0_202-b03) (build 1.8.0_202-release-1483-b03)
# Java VM: OpenJDK 64-Bit Server VM (25.202-b03 mixed mode windows-amd64 compressed oops)
Heap:
 PSYoungGen      total 285696K, used 123386K [0x00000000e0000000, 0x00000000f2f80000, 0x0000000100000000)
  eden space 272896K, 40% used [0x00000000e0000000,0x00000000e6cbae60,0x00000000f0a80000)
  from space 12800K, 94% used [0x00000000f2300000,0x00000000f2ec3b88,0x00000000f2f80000)
  to   space 18944K, 0% used [0x00000000f0a80000,0x00000000f0a80000,0x00000000f1d00000)
 ParOldGen       total 104960K, used 33156K [0x00000000a0000000, 0x00000000a6680000, 0x00000000e0000000)
  object space 104960K, 31% used [0x00000000a0000000,0x00000000a2061098,0x00000000a6680000)
 Metaspace       used 73531K, capacity 76238K, committed 76504K, reserved 1116160K
  class space    used 9659K, capacity 10212K, committed 10240K, reserved 1048576K
GC Heap History (10 events):
Event: 15.804 GC heap before
{Heap before GC invocations=13 (full 2):
 PSYoungGen      total 159744K, used 159740K [0x00000000e0000000, 0x00000000eaf80000, 0x0000000100000000)
  eden space 147968K, 100% used [0x00000000e0000000,0x00000000e9080000,0x00000000e9080000)
  from space 11776K, 99% used [0x00000000ea400000,0x00000000eaf7f1f8,0x00000000eaf80000)
  to   space 14336K, 0% used [0x00000000e9380000,0x00000000e9380000,0x00000000ea180000)
 ParOldGen       total 80896K, used 20220K [0x00000000a0000000, 0x00000000a4f00000, 0x00000000e0000000)
  object space 80896K, 24% used [0x00000000a0000000,0x00000000a13bf3e8,0x00000000a4f00000)
 Metaspace       used 57158K, capacity 58762K, committed 59028K, reserved 1099776K
  class space    used 7704K, capacity 8112K, committed 8192K, reserved 1048576K
Event: 15.829 GC heap after
Heap after GC invocations=13 (full 2):
 PSYoungGen      total 165376K, used 14305K [0x00000000e0000000, 0x00000000ee300000, 0x0000000100000000)
  eden space 151040K, 0% used [0x00000000e0000000,0x00000000e0000000,0x00000000e9380000)
  from space 14336K, 99% used [0x00000000e9380000,0x00000000ea178600,0x00000000ea180000)
  to   space 18944K, 0% used [0x00000000ed080000,0x00000000ed080000,0x00000000ee300000)
 ParOldGen       total 80896K, used 28555K [0x00000000a0000000, 0x00000000a4f00000, 0x00000000e0000000)
  object space 80896K, 35% used [0x00000000a0000000,0x00000000a1be2cf0,0x00000000a4f00000)
 Metaspace       used 57158K, capacity 58762K, committed 59028K, reserved 1099776K
  class space    used 7704K, capacity 8112K, committed 8192K, reserved 1048576K
}
Event: 15.855 GC heap before
{Heap before GC invocations=14 (full 2):
 PSYoungGen      total 165376K, used 17390K [0x00000000e0000000, 0x00000000ee300000, 0x0000000100000000)
  eden space 151040K, 2% used [0x00000000e0000000,0x00000000e0303448,0x00000000e9380000)
  from space 14336K, 99% used [0x00000000e9380000,0x00000000ea178600,0x00000000ea180000)
  to   space 18944K, 0% used [0x00000000ed080000,0x00000000ed080000,0x00000000ee300000)
 ParOldGen       total 80896K, used 28555K [0x00000000a0000000, 0x00000000a4f00000, 0x00000000e0000000)
  object space 80896K, 35% used [0x00000000a0000000,0x00000000a1be2cf0,0x00000000a4f00000)
 Metaspace       used 57302K, capacity 58920K, committed 59028K, reserved 1099776K
  class space    used 7728K, capacity 8117K, committed 8192K, reserved 1048576K
Event: 15.866 GC heap after
Heap after GC invocations=14 (full 2):
 PSYoungGen      total 212992K, used 256K [0x00000000e0000000, 0x00000000f0880000, 0x0000000100000000)
  eden space 194048K, 0% used [0x00000000e0000000,0x00000000e0000000,0x00000000ebd80000)
  from space 18944K, 1% used [0x00000000ed080000,0x00000000ed0c0000,0x00000000ee300000)
  to   space 19456K, 0% used [0x00000000ebd80000,0x00000000ebd80000,0x00000000ed080000)
 ParOldGen       total 80896K, used 35930K [0x00000000a0000000, 0x00000000a4f00000, 0x00000000e0000000)
  object space 80896K, 44% used [0x00000000a0000000,0x00000000a2316a30,0x00000000a4f00000)
 Metaspace       used 57302K, capacity 58920K, committed 59028K, reserved 1099776K
  class space    used 7728K, capacity 8117K, committed 8192K, reserved 1048576K
}
Event: 15.866 GC heap before
{Heap before GC invocations=15 (full 3):
 PSYoungGen      total 212992K, used 256K [0x00000000e0000000, 0x00000000f0880000, 0x0000000100000000)
  eden space 194048K, 0% used [0x00000000e0000000,0x00000000e0000000,0x00000000ebd80000)
  from space 18944K, 1% used [0x00000000ed080000,0x00000000ed0c0000,0x00000000ee300000)
  to   space 19456K, 0% used [0x00000000ebd80000,0x00000000ebd80000,0x00000000ed080000)
 ParOldGen       total 80896K, used 35930K [0x00000000a0000000, 0x00000000a4f00000, 0x00000000e0000000)
  object space 80896K, 44% used [0x00000000a0000000,0x00000000a2316a30,0x00000000a4f00000)
 Metaspace       used 57302K, capacity 58920K, committed 59028K, reserved 1099776K
  class space    used 7728K, capacity 8117K, committed 8192K, reserved 1048576K
Event: 16.119 GC heap after
Heap after GC invocations=15 (full 3):
 PSYoungGen      total 212992K, used 0K [0x00000000e0000000, 0x00000000f0880000, 0x0000000100000000)
  eden space 194048K, 0% used [0x00000000e0000000,0x00000000e0000000,0x00000000ebd80000)
  from space 18944K, 0% used [0x00000000ed080000,0x00000000ed080000,0x00000000ee300000)
  to   space 19456K, 0% used [0x00000000ebd80000,0x00000000ebd80000,0x00000000ed080000)
 ParOldGen       total 104960K, used 28534K [0x00000000a0000000, 0x00000000a6680000, 0x00000000e0000000)
  object space 104960K, 27% used [0x00000000a0000000,0x00000000a1bddbe0,0x00000000a6680000)
 Metaspace       used 57302K, capacity 58920K, committed 59028K, reserved 1099776K
  class space    used 7728K, capacity 8117K, committed 8192K, reserved 1048576K
}
Event: 2976.757 GC heap before
{Heap before GC invocations=16 (full 3):
 PSYoungGen      total 212992K, used 194048K [0x00000000e0000000, 0x00000000f0880000, 0x0000000100000000)
  eden space 194048K, 100% used [0x00000000e0000000,0x00000000ebd80000,0x00000000ebd80000)
  from space 18944K, 0% used [0x00000000ed080000,0x00000000ed080000,0x00000000ee300000)
  to   space 19456K, 0% used [0x00000000ebd80000,0x00000000ebd80000,0x00000000ed080000)
 ParOldGen       total 104960K, used 28534K [0x00000000a0000000, 0x00000000a6680000, 0x00000000e0000000)
  object space 104960K, 27% used [0x00000000a0000000,0x00000000a1bddbe0,0x00000000a6680000)
 Metaspace       used 64563K, capacity 66820K, committed 67032K, reserved 1107968K
  class space    used 8429K, capacity 8906K, committed 8960K, reserved 1048576K
Event: 2976.775 GC heap after
Heap after GC invocations=16 (full 3):
 PSYoungGen      total 213504K, used 9528K [0x00000000e0000000, 0x00000000f3580000, 0x0000000100000000)
  eden space 194048K, 0% used [0x00000000e0000000,0x00000000e0000000,0x00000000ebd80000)
  from space 19456K, 48% used [0x00000000ebd80000,0x00000000ec6ce358,0x00000000ed080000)
  to   space 18944K, 0% used [0x00000000f2300000,0x00000000f2300000,0x00000000f3580000)
 ParOldGen       total 104960K, used 28542K [0x00000000a0000000, 0x00000000a6680000, 0x00000000e0000000)
  object space 104960K, 27% used [0x00000000a0000000,0x00000000a1bdfbe0,0x00000000a6680000)
 Metaspace       used 64563K, capacity 66820K, committed 67032K, reserved 1107968K
  class space    used 8429K, capacity 8906K, committed 8960K, reserved 1048576K
}
Event: 2982.542 GC heap before
{Heap before GC invocations=17 (full 3):
 PSYoungGen      total 213504K, used 203576K [0x00000000e0000000, 0x00000000f3580000, 0x0000000100000000)
  eden space 194048K, 100% used [0x00000000e0000000,0x00000000ebd80000,0x00000000ebd80000)
  from space 19456K, 48% used [0x00000000ebd80000,0x00000000ec6ce358,0x00000000ed080000)
  to   space 18944K, 0% used [0x00000000f2300000,0x00000000f2300000,0x00000000f3580000)
 ParOldGen       total 104960K, used 28542K [0x00000000a0000000, 0x00000000a6680000, 0x00000000e0000000)
  object space 104960K, 27% used [0x00000000a0000000,0x00000000a1bdfbe0,0x00000000a6680000)
 Metaspace       used 68188K, capacity 70664K, committed 70872K, reserved 1110016K
  class space    used 8867K, capacity 9404K, committed 9472K, reserved 1048576K
Event: 2982.582 GC heap after
Heap after GC invocations=17 (full 3):
 PSYoungGen      total 285696K, used 12046K [0x00000000e0000000, 0x00000000f2f80000, 0x0000000100000000)
  eden space 272896K, 0% used [0x00000000e0000000,0x00000000e0000000,0x00000000f0a80000)
  from space 12800K, 94% used [0x00000000f2300000,0x00000000f2ec3b88,0x00000000f2f80000)
  to   space 18944K, 0% used [0x00000000f0a80000,0x00000000f0a80000,0x00000000f1d00000)
 ParOldGen       total 104960K, used 33156K [0x00000000a0000000, 0x00000000a6680000, 0x00000000e0000000)
  object space 104960K, 31% used [0x00000000a0000000,0x00000000a2061098,0x00000000a6680000)
 Metaspace       used 68188K, capacity 70664K, committed 70872K, reserved 1110016K
  class space    used 8867K, capacity 9404K, committed 9472K, reserved 1048576K
}

