# JRE version: OpenJDK Runtime Environment (8.0_202-b03) (build 1.8.0_202-release-1483-b03)
# Java VM: OpenJDK 64-Bit Server VM (25.202-b03 mixed mode windows-amd64 compressed oops)
Heap:
 PSYoungGen      total 372736K, used 30927K [0x00000000e0000000, 0x00000000fb900000, 0x0000000100000000)
  eden space 329728K, 6% used [0x00000000e0000000,0x00000000e1678d30,0x00000000f4200000)
  from space 43008K, 18% used [0x00000000f4200000,0x00000000f49bb050,0x00000000f6c00000)
  to   space 42496K, 0% used [0x00000000f8f80000,0x00000000f8f80000,0x00000000fb900000)
 ParOldGen       total 177664K, used 86099K [0x00000000a0000000, 0x00000000aad80000, 0x00000000e0000000)
  object space 177664K, 48% used [0x00000000a0000000,0x00000000a5414e38,0x00000000aad80000)
 Metaspace       used 131043K, capacity 137253K, committed 137420K, reserved 1167360K
  class space    used 17400K, capacity 18539K, committed 18648K, reserved 1048576K
GC Heap History (10 events):
Event: 480.878 GC heap before
{Heap before GC invocations=19 (full 3):
 PSYoungGen      total 275456K, used 39122K [0x00000000e0000000, 0x00000000f5a80000, 0x0000000100000000)
  eden space 245760K, 5% used [0x00000000e0000000,0x00000000e0e2bc38,0x00000000ef000000)
  from space 29696K, 82% used [0x00000000ef000000,0x00000000f0808c40,0x00000000f0d00000)
  to   space 32768K, 0% used [0x00000000f3a80000,0x00000000f3a80000,0x00000000f5a80000)
 ParOldGen       total 116224K, used 62718K [0x00000000a0000000, 0x00000000a7180000, 0x00000000e0000000)
  object space 116224K, 53% used [0x00000000a0000000,0x00000000a3d3fbc8,0x00000000a7180000)
 Metaspace       used 94234K, capacity 98225K, committed 98380K, reserved 1134592K
  class space    used 12612K, capacity 13400K, committed 13400K, reserved 1048576K
Event: 480.900 GC heap after
Heap after GC invocations=19 (full 3):
 PSYoungGen      total 324096K, used 12269K [0x00000000e0000000, 0x00000000f6280000, 0x0000000100000000)
  eden space 291328K, 0% used [0x00000000e0000000,0x00000000e0000000,0x00000000f1c80000)
  from space 32768K, 37% used [0x00000000f3a80000,0x00000000f467b540,0x00000000f5a80000)
  to   space 30720K, 0% used [0x00000000f1c80000,0x00000000f1c80000,0x00000000f3a80000)
 ParOldGen       total 116224K, used 62726K [0x00000000a0000000, 0x00000000a7180000, 0x00000000e0000000)
  object space 116224K, 53% used [0x00000000a0000000,0x00000000a3d41bc8,0x00000000a7180000)
 Metaspace       used 94234K, capacity 98225K, committed 98380K, reserved 1134592K
  class space    used 12612K, capacity 13400K, committed 13400K, reserved 1048576K
}
Event: 480.900 GC heap before
{Heap before GC invocations=20 (full 4):
 PSYoungGen      total 324096K, used 12269K [0x00000000e0000000, 0x00000000f6280000, 0x0000000100000000)
  eden space 291328K, 0% used [0x00000000e0000000,0x00000000e0000000,0x00000000f1c80000)
  from space 32768K, 37% used [0x00000000f3a80000,0x00000000f467b540,0x00000000f5a80000)
  to   space 30720K, 0% used [0x00000000f1c80000,0x00000000f1c80000,0x00000000f3a80000)
 ParOldGen       total 116224K, used 62726K [0x00000000a0000000, 0x00000000a7180000, 0x00000000e0000000)
  object space 116224K, 53% used [0x00000000a0000000,0x00000000a3d41bc8,0x00000000a7180000)
 Metaspace       used 94234K, capacity 98225K, committed 98380K, reserved 1134592K
  class space    used 12612K, capacity 13400K, committed 13400K, reserved 1048576K
Event: 481.375 GC heap after
Heap after GC invocations=20 (full 4):
 PSYoungGen      total 324096K, used 0K [0x00000000e0000000, 0x00000000f6280000, 0x0000000100000000)
  eden space 291328K, 0% used [0x00000000e0000000,0x00000000e0000000,0x00000000f1c80000)
  from space 32768K, 0% used [0x00000000f3a80000,0x00000000f3a80000,0x00000000f5a80000)
  to   space 30720K, 0% used [0x00000000f1c80000,0x00000000f1c80000,0x00000000f3a80000)
 ParOldGen       total 177664K, used 55246K [0x00000000a0000000, 0x00000000aad80000, 0x00000000e0000000)
  object space 177664K, 31% used [0x00000000a0000000,0x00000000a35f39c8,0x00000000aad80000)
 Metaspace       used 94101K, capacity 97839K, committed 98380K, reserved 1134592K
  class space    used 12569K, capacity 13325K, committed 13400K, reserved 1048576K
}
Event: 517.483 GC heap before
{Heap before GC invocations=21 (full 4):
 PSYoungGen      total 324096K, used 291328K [0x00000000e0000000, 0x00000000f6280000, 0x0000000100000000)
  eden space 291328K, 100% used [0x00000000e0000000,0x00000000f1c80000,0x00000000f1c80000)
  from space 32768K, 0% used [0x00000000f3a80000,0x00000000f3a80000,0x00000000f5a80000)
  to   space 30720K, 0% used [0x00000000f1c80000,0x00000000f1c80000,0x00000000f3a80000)
 ParOldGen       total 177664K, used 55246K [0x00000000a0000000, 0x00000000aad80000, 0x00000000e0000000)
  object space 177664K, 31% used [0x00000000a0000000,0x00000000a35f39c8,0x00000000aad80000)
 Metaspace       used 113318K, capacity 118023K, committed 118348K, reserved 1150976K
  class space    used 14965K, capacity 15890K, committed 15960K, reserved 1048576K
Event: 517.534 GC heap after
Heap after GC invocations=21 (full 4):
 PSYoungGen      total 322048K, used 30689K [0x00000000e0000000, 0x00000000f9000000, 0x0000000100000000)
  eden space 291328K, 0% used [0x00000000e0000000,0x00000000e0000000,0x00000000f1c80000)
  from space 30720K, 99% used [0x00000000f1c80000,0x00000000f3a78578,0x00000000f3a80000)
  to   space 36864K, 0% used [0x00000000f6c00000,0x00000000f6c00000,0x00000000f9000000)
 ParOldGen       total 177664K, used 58298K [0x00000000a0000000, 0x00000000aad80000, 0x00000000e0000000)
  object space 177664K, 32% used [0x00000000a0000000,0x00000000a38eeaa8,0x00000000aad80000)
 Metaspace       used 113318K, capacity 118023K, committed 118348K, reserved 1150976K
  class space    used 14965K, capacity 15890K, committed 15960K, reserved 1048576K
}
Event: 526.391 GC heap before
{Heap before GC invocations=22 (full 4):
 PSYoungGen      total 322048K, used 322017K [0x00000000e0000000, 0x00000000f9000000, 0x0000000100000000)
  eden space 291328K, 100% used [0x00000000e0000000,0x00000000f1c80000,0x00000000f1c80000)
  from space 30720K, 99% used [0x00000000f1c80000,0x00000000f3a78578,0x00000000f3a80000)
  to   space 36864K, 0% used [0x00000000f6c00000,0x00000000f6c00000,0x00000000f9000000)
 ParOldGen       total 177664K, used 58298K [0x00000000a0000000, 0x00000000aad80000, 0x00000000e0000000)
  object space 177664K, 32% used [0x00000000a0000000,0x00000000a38eeaa8,0x00000000aad80000)
 Metaspace       used 125916K, capacity 131635K, committed 131788K, reserved 1163264K
  class space    used 16962K, capacity 18044K, committed 18136K, reserved 1048576K
Event: 526.440 GC heap after
Heap after GC invocations=22 (full 4):
 PSYoungGen      total 366592K, used 36851K [0x00000000e0000000, 0x00000000f9700000, 0x0000000100000000)
  eden space 329728K, 0% used [0x00000000e0000000,0x00000000e0000000,0x00000000f4200000)
  from space 36864K, 99% used [0x00000000f6c00000,0x00000000f8ffce18,0x00000000f9000000)
  to   space 43008K, 0% used [0x00000000f4200000,0x00000000f4200000,0x00000000f6c00000)
 ParOldGen       total 177664K, used 59848K [0x00000000a0000000, 0x00000000aad80000, 0x00000000e0000000)
  object space 177664K, 33% used [0x00000000a0000000,0x00000000a3a720c8,0x00000000aad80000)
 Metaspace       used 125916K, capacity 131635K, committed 131788K, reserved 1163264K
  class space    used 16962K, capacity 18044K, committed 18136K, reserved 1048576K
}
Event: 1040.599 GC heap before
{Heap before GC invocations=23 (full 4):
 PSYoungGen      total 366592K, used 366579K [0x00000000e0000000, 0x00000000f9700000, 0x0000000100000000)
  eden space 329728K, 100% used [0x00000000e0000000,0x00000000f4200000,0x00000000f4200000)
  from space 36864K, 99% used [0x00000000f6c00000,0x00000000f8ffce18,0x00000000f9000000)
  to   space 43008K, 0% used [0x00000000f4200000,0x00000000f4200000,0x00000000f6c00000)
 ParOldGen       total 177664K, used 59848K [0x00000000a0000000, 0x00000000aad80000, 0x00000000e0000000)
  object space 177664K, 33% used [0x00000000a0000000,0x00000000a3a720c8,0x00000000aad80000)
 Metaspace       used 131018K, capacity 137153K, committed 137420K, reserved 1167360K
  class space    used 17397K, capacity 18533K, committed 18648K, reserved 1048576K
Event: 1040.667 GC heap after
Heap after GC invocations=23 (full 4):
 PSYoungGen      total 372736K, used 7916K [0x00000000e0000000, 0x00000000fb900000, 0x0000000100000000)
  eden space 329728K, 0% used [0x00000000e0000000,0x00000000e0000000,0x00000000f4200000)
  from space 43008K, 18% used [0x00000000f4200000,0x00000000f49bb050,0x00000000f6c00000)
  to   space 42496K, 0% used [0x00000000f8f80000,0x00000000f8f80000,0x00000000fb900000)
 ParOldGen       total 177664K, used 86099K [0x00000000a0000000, 0x00000000aad80000, 0x00000000e0000000)
  object space 177664K, 48% used [0x00000000a0000000,0x00000000a5414e38,0x00000000aad80000)
 Metaspace       used 131018K, capacity 137153K, committed 137420K, reserved 1167360K
  class space    used 17397K, capacity 18533K, committed 18648K, reserved 1048576K
}

