# JRE version: OpenJDK Runtime Environment (8.0_202-b03) (build 1.8.0_202-release-1483-b03)
# Java VM: OpenJDK 64-Bit Server VM (25.202-b03 mixed mode windows-amd64 compressed oops)
Heap:
 PSYoungGen      total 341504K, used 324767K [0x00000000e0000000, 0x00000000fb680000, 0x0000000100000000)
  eden space 291328K, 94% used [0x00000000e0000000,0x00000000f0c282f8,0x00000000f1c80000)
  from space 50176K, 99% used [0x00000000f1c80000,0x00000000f4d7f920,0x00000000f4d80000)
  to   space 58368K, 0% used [0x00000000f7d80000,0x00000000f7d80000,0x00000000fb680000)
 ParOldGen       total 131584K, used 59898K [0x00000000a0000000, 0x00000000a8080000, 0x00000000e0000000)
  object space 131584K, 45% used [0x00000000a0000000,0x00000000a3a7ea20,0x00000000a8080000)
 Metaspace       used 92686K, capacity 97238K, committed 97428K, reserved 1134592K
  class space    used 11888K, capacity 12731K, committed 12732K, reserved 1048576K
GC Heap History (10 events):
Event: 385.737 GC heap before
{Heap before GC invocations=28 (full 3):
 PSYoungGen      total 292352K, used 284117K [0x00000000e0000000, 0x00000000f4000000, 0x0000000100000000)
  eden space 267264K, 100% used [0x00000000e0000000,0x00000000f0500000,0x00000000f0500000)
  from space 25088K, 67% used [0x00000000f2780000,0x00000000f37f54f0,0x00000000f4000000)
  to   space 30208K, 0% used [0x00000000f0500000,0x00000000f0500000,0x00000000f2280000)
 ParOldGen       total 131584K, used 46234K [0x00000000a0000000, 0x00000000a8080000, 0x00000000e0000000)
  object space 131584K, 35% used [0x00000000a0000000,0x00000000a2d26ba8,0x00000000a8080000)
 Metaspace       used 81477K, capacity 85604K, committed 85652K, reserved 1124352K
  class space    used 10404K, capacity 11188K, committed 11196K, reserved 1048576K
Event: 385.760 GC heap after
Heap after GC invocations=28 (full 3):
 PSYoungGen      total 297472K, used 22047K [0x00000000e0000000, 0x00000000f5100000, 0x0000000100000000)
  eden space 267264K, 0% used [0x00000000e0000000,0x00000000e0000000,0x00000000f0500000)
  from space 30208K, 72% used [0x00000000f0500000,0x00000000f1a87db8,0x00000000f2280000)
  to   space 31232K, 0% used [0x00000000f3280000,0x00000000f3280000,0x00000000f5100000)
 ParOldGen       total 131584K, used 46234K [0x00000000a0000000, 0x00000000a8080000, 0x00000000e0000000)
  object space 131584K, 35% used [0x00000000a0000000,0x00000000a2d26ba8,0x00000000a8080000)
 Metaspace       used 81477K, capacity 85604K, committed 85652K, reserved 1124352K
  class space    used 10404K, capacity 11188K, committed 11196K, reserved 1048576K
}
Event: 399.691 GC heap before
{Heap before GC invocations=29 (full 3):
 PSYoungGen      total 297472K, used 289311K [0x00000000e0000000, 0x00000000f5100000, 0x0000000100000000)
  eden space 267264K, 100% used [0x00000000e0000000,0x00000000f0500000,0x00000000f0500000)
  from space 30208K, 72% used [0x00000000f0500000,0x00000000f1a87db8,0x00000000f2280000)
  to   space 31232K, 0% used [0x00000000f3280000,0x00000000f3280000,0x00000000f5100000)
 ParOldGen       total 131584K, used 46234K [0x00000000a0000000, 0x00000000a8080000, 0x00000000e0000000)
  object space 131584K, 35% used [0x00000000a0000000,0x00000000a2d26ba8,0x00000000a8080000)
 Metaspace       used 86217K, capacity 90596K, committed 90772K, reserved 1128448K
  class space    used 11138K, capacity 11939K, committed 11964K, reserved 1048576K
Event: 399.762 GC heap after
Heap after GC invocations=29 (full 3):
 PSYoungGen      total 309760K, used 30878K [0x00000000e0000000, 0x00000000f5800000, 0x0000000100000000)
  eden space 278528K, 0% used [0x00000000e0000000,0x00000000e0000000,0x00000000f1000000)
  from space 31232K, 98% used [0x00000000f3280000,0x00000000f50a7b50,0x00000000f5100000)
  to   space 35328K, 0% used [0x00000000f1000000,0x00000000f1000000,0x00000000f3280000)
 ParOldGen       total 131584K, used 46242K [0x00000000a0000000, 0x00000000a8080000, 0x00000000e0000000)
  object space 131584K, 35% used [0x00000000a0000000,0x00000000a2d28ba8,0x00000000a8080000)
 Metaspace       used 86217K, capacity 90596K, committed 90772K, reserved 1128448K
  class space    used 11138K, capacity 11939K, committed 11964K, reserved 1048576K
}
Event: 402.087 GC heap before
{Heap before GC invocations=30 (full 3):
 PSYoungGen      total 309760K, used 309406K [0x00000000e0000000, 0x00000000f5800000, 0x0000000100000000)
  eden space 278528K, 100% used [0x00000000e0000000,0x00000000f1000000,0x00000000f1000000)
  from space 31232K, 98% used [0x00000000f3280000,0x00000000f50a7b50,0x00000000f5100000)
  to   space 35328K, 0% used [0x00000000f1000000,0x00000000f1000000,0x00000000f3280000)
 ParOldGen       total 131584K, used 46242K [0x00000000a0000000, 0x00000000a8080000, 0x00000000e0000000)
  object space 131584K, 35% used [0x00000000a0000000,0x00000000a2d28ba8,0x00000000a8080000)
 Metaspace       used 90621K, capacity 94982K, committed 95252K, reserved 1132544K
  class space    used 11670K, capacity 12485K, committed 12604K, reserved 1048576K
Event: 402.150 GC heap after
Heap after GC invocations=30 (full 3):
 PSYoungGen      total 313856K, used 35308K [0x00000000e0000000, 0x00000000f7580000, 0x0000000100000000)
  eden space 278528K, 0% used [0x00000000e0000000,0x00000000e0000000,0x00000000f1000000)
  from space 35328K, 99% used [0x00000000f1000000,0x00000000f327b128,0x00000000f3280000)
  to   space 40960K, 0% used [0x00000000f4d80000,0x00000000f4d80000,0x00000000f7580000)
 ParOldGen       total 131584K, used 48197K [0x00000000a0000000, 0x00000000a8080000, 0x00000000e0000000)
  object space 131584K, 36% used [0x00000000a0000000,0x00000000a2f11410,0x00000000a8080000)
 Metaspace       used 90621K, capacity 94982K, committed 95252K, reserved 1132544K
  class space    used 11670K, capacity 12485K, committed 12604K, reserved 1048576K
}
Event: 404.749 GC heap before
{Heap before GC invocations=31 (full 3):
 PSYoungGen      total 313856K, used 313836K [0x00000000e0000000, 0x00000000f7580000, 0x0000000100000000)
  eden space 278528K, 100% used [0x00000000e0000000,0x00000000f1000000,0x00000000f1000000)
  from space 35328K, 99% used [0x00000000f1000000,0x00000000f327b128,0x00000000f3280000)
  to   space 40960K, 0% used [0x00000000f4d80000,0x00000000f4d80000,0x00000000f7580000)
 ParOldGen       total 131584K, used 48197K [0x00000000a0000000, 0x00000000a8080000, 0x00000000e0000000)
  object space 131584K, 36% used [0x00000000a0000000,0x00000000a2f11410,0x00000000a8080000)
 Metaspace       used 92335K, capacity 96840K, committed 97172K, reserved 1134592K
  class space    used 11840K, capacity 12674K, committed 12732K, reserved 1048576K
Event: 404.839 GC heap after
Heap after GC invocations=31 (full 3):
 PSYoungGen      total 332288K, used 40950K [0x00000000e0000000, 0x00000000f8e00000, 0x0000000100000000)
  eden space 291328K, 0% used [0x00000000e0000000,0x00000000e0000000,0x00000000f1c80000)
  from space 40960K, 99% used [0x00000000f4d80000,0x00000000f757db88,0x00000000f7580000)
  to   space 50176K, 0% used [0x00000000f1c80000,0x00000000f1c80000,0x00000000f4d80000)
 ParOldGen       total 131584K, used 57046K [0x00000000a0000000, 0x00000000a8080000, 0x00000000e0000000)
  object space 131584K, 43% used [0x00000000a0000000,0x00000000a37b5b00,0x00000000a8080000)
 Metaspace       used 92335K, capacity 96840K, committed 97172K, reserved 1134592K
  class space    used 11840K, capacity 12674K, committed 12732K, reserved 1048576K
}
Event: 405.831 GC heap before
{Heap before GC invocations=32 (full 3):
 PSYoungGen      total 332288K, used 332278K [0x00000000e0000000, 0x00000000f8e00000, 0x0000000100000000)
  eden space 291328K, 100% used [0x00000000e0000000,0x00000000f1c80000,0x00000000f1c80000)
  from space 40960K, 99% used [0x00000000f4d80000,0x00000000f757db88,0x00000000f7580000)
  to   space 50176K, 0% used [0x00000000f1c80000,0x00000000f1c80000,0x00000000f4d80000)
 ParOldGen       total 131584K, used 57046K [0x00000000a0000000, 0x00000000a8080000, 0x00000000e0000000)
  object space 131584K, 43% used [0x00000000a0000000,0x00000000a37b5b00,0x00000000a8080000)
 Metaspace       used 92620K, capacity 97154K, committed 97172K, reserved 1134592K
  class space    used 11885K, capacity 12727K, committed 12732K, reserved 1048576K
Event: 405.903 GC heap after
Heap after GC invocations=32 (full 3):
 PSYoungGen      total 341504K, used 50174K [0x00000000e0000000, 0x00000000fb680000, 0x0000000100000000)
  eden space 291328K, 0% used [0x00000000e0000000,0x00000000e0000000,0x00000000f1c80000)
  from space 50176K, 99% used [0x00000000f1c80000,0x00000000f4d7f920,0x00000000f4d80000)
  to   space 58368K, 0% used [0x00000000f7d80000,0x00000000f7d80000,0x00000000fb680000)
 ParOldGen       total 131584K, used 59898K [0x00000000a0000000, 0x00000000a8080000, 0x00000000e0000000)
  object space 131584K, 45% used [0x00000000a0000000,0x00000000a3a7ea20,0x00000000a8080000)
 Metaspace       used 92620K, capacity 97154K, committed 97172K, reserved 1134592K
  class space    used 11885K, capacity 12727K, committed 12732K, reserved 1048576K
}

